{"TracerIdentity":"server1","TraceID":5239862747748523025,"Tag":"CreateTrace","Body":{},"VectorClock":{"server1":1}}
{"TracerIdentity":"server1","TraceID":5239862747748523025,"Tag":"ServerStart","Body":{"ServerId":1},"VectorClock":{"server1":2}}
{"TracerIdentity":"server1","TraceID":6203507263597722468,"Tag":"CreateTrace","Body":{},"VectorClock":{"server1":3}}
{"TracerIdentity":"server1","TraceID":6203507263597722468,"Tag":"PaxosInit","Body":{"ServerId":1},"VectorClock":{"server1":4}}
{"TracerIdentity":"server1","TraceID":5239862747748523025,"Tag":"ServerJoining","Body":{"ServerId":1},"VectorClock":{"server1":5}}
{"TracerIdentity":"server2","TraceID":3719945944721177755,"Tag":"CreateTrace","Body":{},"VectorClock":{"server2":1}}
{"TracerIdentity":"server2","TraceID":3719945944721177755,"Tag":"ServerStart","Body":{"ServerId":2},"VectorClock":{"server2":2}}
{"TracerIdentity":"server2","TraceID":2631572737352392081,"Tag":"CreateTrace","Body":{},"VectorClock":{"server2":3}}
{"TracerIdentity":"server2","TraceID":2631572737352392081,"Tag":"PaxosInit","Body":{"ServerId":2},"VectorClock":{"server2":4}}
{"TracerIdentity":"server2","TraceID":3719945944721177755,"Tag":"ServerJoining","Body":{"ServerId":2},"VectorClock":{"server2":5}}
{"TracerIdentity":"server4","TraceID":2472375659942406044,"Tag":"CreateTrace","Body":{},"VectorClock":{"server4":1}}
{"TracerIdentity":"server4","TraceID":2472375659942406044,"Tag":"ServerStart","Body":{"ServerId":4},"VectorClock":{"server4":2}}
{"TracerIdentity":"server4","TraceID":3337753488987578964,"Tag":"CreateTrace","Body":{},"VectorClock":{"server4":3}}
{"TracerIdentity":"server4","TraceID":3337753488987578964,"Tag":"PaxosInit","Body":{"ServerId":4},"VectorClock":{"server4":4}}
{"TracerIdentity":"server4","TraceID":2472375659942406044,"Tag":"ServerJoining","Body":{"ServerId":4},"VectorClock":{"server4":5}}
{"TracerIdentity":"server5","TraceID":8131126186891607343,"Tag":"CreateTrace","Body":{},"VectorClock":{"server5":1}}
{"TracerIdentity":"server5","TraceID":8131126186891607343,"Tag":"ServerStart","Body":{"ServerId":5},"VectorClock":{"server5":2}}
{"TracerIdentity":"server5","TraceID":5332043281571771361,"Tag":"CreateTrace","Body":{},"VectorClock":{"server5":3}}
{"TracerIdentity":"server5","TraceID":5332043281571771361,"Tag":"PaxosInit","Body":{"ServerId":5},"VectorClock":{"server5":4}}
{"TracerIdentity":"server5","TraceID":8131126186891607343,"Tag":"ServerJoining","Body":{"ServerId":5},"VectorClock":{"server5":5}}
{"TracerIdentity":"server3","TraceID":8849408118541976094,"Tag":"CreateTrace","Body":{},"VectorClock":{"server3":1}}
{"TracerIdentity":"server3","TraceID":8849408118541976094,"Tag":"ServerStart","Body":{"ServerId":3},"VectorClock":{"server3":2}}
{"TracerIdentity":"server3","TraceID":891464650842504921,"Tag":"CreateTrace","Body":{},"VectorClock":{"server3":3}}
{"TracerIdentity":"server3","TraceID":891464650842504921,"Tag":"PaxosInit","Body":{"ServerId":3},"VectorClock":{"server3":4}}
{"TracerIdentity":"server3","TraceID":8849408118541976094,"Tag":"ServerJoining","Body":{"ServerId":3},"VectorClock":{"server3":5}}
{"TracerIdentity":"server3","TraceID":8849408118541976094,"Tag":"ServerJoined","Body":{"ServerId":3},"VectorClock":{"server3":6}}
{"TracerIdentity":"server3","TraceID":8849408118541976094,"Tag":"AllServersJoined","Body":{"ServerId":3},"VectorClock":{"server3":7}}
{"TracerIdentity":"server3","TraceID":891464650842504921,"Tag":"InitializeState","Body":{"ServerId":3},"VectorClock":{"server3":8}}
{"TracerIdentity":"server2","TraceID":3719945944721177755,"Tag":"ServerJoined","Body":{"ServerId":2},"VectorClock":{"server2":6}}
{"TracerIdentity":"server2","TraceID":3719945944721177755,"Tag":"AllServersJoined","Body":{"ServerId":2},"VectorClock":{"server2":7}}
{"TracerIdentity":"server4","TraceID":2472375659942406044,"Tag":"ServerJoined","Body":{"ServerId":4},"VectorClock":{"server4":6}}
{"TracerIdentity":"server4","TraceID":2472375659942406044,"Tag":"AllServersJoined","Body":{"ServerId":4},"VectorClock":{"server4":7}}
{"TracerIdentity":"server2","TraceID":2631572737352392081,"Tag":"InitializeState","Body":{"ServerId":2},"VectorClock":{"server2":8}}
{"TracerIdentity":"server4","TraceID":3337753488987578964,"Tag":"InitializeState","Body":{"ServerId":4},"VectorClock":{"server4":8}}
{"TracerIdentity":"server1","TraceID":5239862747748523025,"Tag":"ServerJoined","Body":{"ServerId":1},"VectorClock":{"server1":6}}
{"TracerIdentity":"server1","TraceID":5239862747748523025,"Tag":"AllServersJoined","Body":{"ServerId":1},"VectorClock":{"server1":7}}
{"TracerIdentity":"server1","TraceID":6203507263597722468,"Tag":"InitializeState","Body":{"ServerId":1},"VectorClock":{"server1":8}}
{"TracerIdentity":"server5","TraceID":8131126186891607343,"Tag":"ServerJoined","Body":{"ServerId":5},"VectorClock":{"server5":6}}
{"TracerIdentity":"server5","TraceID":8131126186891607343,"Tag":"AllServersJoined","Body":{"ServerId":5},"VectorClock":{"server5":7}}
{"TracerIdentity":"server5","TraceID":5332043281571771361,"Tag":"InitializeState","Body":{"ServerId":5},"VectorClock":{"server5":8}}
{"TracerIdentity":"server1","TraceID":5239862747748523025,"Tag":"ServerFailureDetected","Body":{"FailedServerId":5,"GId":1001},"VectorClock":{"server1":9}}
{"TracerIdentity":"server1","TraceID":5239862747748523025,"Tag":"GenerateTokenTrace","Body":{"Token":"p3NlcnZlcjHPSLe7aDdaXBGBp3NlcnZlcjEK"},"VectorClock":{"server1":10}}
{"TracerIdentity":"server3","TraceID":8849408118541976094,"Tag":"ServerFailureDetected","Body":{"FailedServerId":5,"GId":1003},"VectorClock":{"server3":9}}
{"TracerIdentity":"server3","TraceID":8849408118541976094,"Tag":"GenerateTokenTrace","Body":{"Token":"p3NlcnZlcjPPes9pzDInAh6Bp3NlcnZlcjMK"},"VectorClock":{"server3":10}}
{"TracerIdentity":"server4","TraceID":2472375659942406044,"Tag":"ServerFailureDetected","Body":{"FailedServerId":5,"GId":1004},"VectorClock":{"server4":9}}
{"TracerIdentity":"server4","TraceID":2472375659942406044,"Tag":"GenerateTokenTrace","Body":{"Token":"p3NlcnZlcjTPIk+kkEIwZ5yBp3NlcnZlcjQK"},"VectorClock":{"server4":10}}
{"TracerIdentity":"server1","TraceID":5239862747748523025,"Tag":"ReceiveTokenTrace","Body":{"Token":"p3NlcnZlcjHPSLe7aDdaXBGBp3NlcnZlcjEK"},"VectorClock":{"server1":11}}
{"TracerIdentity":"server1","TraceID":5239862747748523025,"Tag":"PrepareReq","Body":{"From":1,"PSN":1,"GId":1001},"VectorClock":{"server1":12}}
{"TracerIdentity":"server1","TraceID":5239862747748523025,"Tag":"GenerateTokenTrace","Body":{"Token":"p3NlcnZlcjHPSLe7aDdaXBGBp3NlcnZlcjEN"},"VectorClock":{"server1":13}}
{"TracerIdentity":"server1","TraceID":5239862747748523025,"Tag":"ReceiveTokenTrace","Body":{"Token":"p3NlcnZlcjHPSLe7aDdaXBGBp3NlcnZlcjEN"},"VectorClock":{"server1":14}}
{"TracerIdentity":"server1","TraceID":5239862747748523025,"Tag":"PrepareRecvd","Body":{"From":1,"To":1,"PSN":1,"GId":1001},"VectorClock":{"server1":15}}
{"TracerIdentity":"server1","TraceID":5239862747748523025,"Tag":"PromiseReq","Body":{"From":1,"PSN":1,"GId":1001},"VectorClock":{"server1":16}}
{"TracerIdentity":"server1","TraceID":5239862747748523025,"Tag":"GenerateTokenTrace","Body":{"Token":"p3NlcnZlcjHPSLe7aDdaXBGBp3NlcnZlcjER"},"VectorClock":{"server1":17}}
{"TracerIdentity":"server2","TraceID":5239862747748523025,"Tag":"ReceiveTokenTrace","Body":{"Token":"p3NlcnZlcjHPSLe7aDdaXBGBp3NlcnZlcjEN"},"VectorClock":{"server1":13,"server2":9}}
{"TracerIdentity":"server2","TraceID":5239862747748523025,"Tag":"PrepareRecvd","Body":{"From":1,"To":2,"PSN":1,"GId":1001},"VectorClock":{"server1":13,"server2":10}}
{"TracerIdentity":"server2","TraceID":5239862747748523025,"Tag":"PromiseReq","Body":{"From":2,"PSN":1,"GId":1001},"VectorClock":{"server1":13,"server2":11}}
{"TracerIdentity":"server2","TraceID":3719945944721177755,"Tag":"ServerFailureDetected","Body":{"FailedServerId":5,"GId":1002},"VectorClock":{"server1":13,"server2":12}}
{"TracerIdentity":"server2","TraceID":5239862747748523025,"Tag":"GenerateTokenTrace","Body":{"Token":"p3NlcnZlcjLPSLe7aDdaXBGCp3NlcnZlcjINp3NlcnZlcjEN"},"VectorClock":{"server1":13,"server2":13}}
{"TracerIdentity":"server2","TraceID":3719945944721177755,"Tag":"GenerateTokenTrace","Body":{"Token":"p3NlcnZlcjLPM5/nIKrCvJuCp3NlcnZlcjIOp3NlcnZlcjEN"},"VectorClock":{"server1":13,"server2":14}}
{"TracerIdentity":"server3","TraceID":5239862747748523025,"Tag":"ReceiveTokenTrace","Body":{"Token":"p3NlcnZlcjHPSLe7aDdaXBGBp3NlcnZlcjEN"},"VectorClock":{"server1":13,"server3":11}}
{"TracerIdentity":"server3","TraceID":5239862747748523025,"Tag":"PrepareRecvd","Body":{"From":1,"To":3,"PSN":1,"GId":1001},"VectorClock":{"server1":13,"server3":12}}
{"TracerIdentity":"server3","TraceID":5239862747748523025,"Tag":"PromiseReq","Body":{"From":3,"PSN":1,"GId":1001},"VectorClock":{"server1":13,"server3":13}}
{"TracerIdentity":"server3","TraceID":5239862747748523025,"Tag":"GenerateTokenTrace","Body":{"Token":"p3NlcnZlcjPPSLe7aDdaXBGCp3NlcnZlcjMOp3NlcnZlcjEN"},"VectorClock":{"server1":13,"server3":14}}
{"TracerIdentity":"server4","TraceID":5239862747748523025,"Tag":"ReceiveTokenTrace","Body":{"Token":"p3NlcnZlcjHPSLe7aDdaXBGBp3NlcnZlcjEN"},"VectorClock":{"server1":13,"server4":11}}
{"TracerIdentity":"server4","TraceID":5239862747748523025,"Tag":"PrepareRecvd","Body":{"From":1,"To":4,"PSN":1,"GId":1001},"VectorClock":{"server1":13,"server4":12}}
{"TracerIdentity":"server4","TraceID":5239862747748523025,"Tag":"PromiseReq","Body":{"From":4,"PSN":1,"GId":1001},"VectorClock":{"server1":13,"server4":13}}
{"TracerIdentity":"server4","TraceID":5239862747748523025,"Tag":"GenerateTokenTrace","Body":{"Token":"p3NlcnZlcjTPSLe7aDdaXBGCp3NlcnZlcjENp3NlcnZlcjQO"},"VectorClock":{"server1":13,"server4":14}}
{"TracerIdentity":"server1","TraceID":5239862747748523025,"Tag":"ReceiveTokenTrace","Body":{"Token":"p3NlcnZlcjHPSLe7aDdaXBGBp3NlcnZlcjER"},"VectorClock":{"server1":18}}
{"TracerIdentity":"server1","TraceID":5239862747748523025,"Tag":"PromiseRecvd","Body":{"From":1,"To":1,"PSN":1,"GId":1001},"VectorClock":{"server1":19}}
{"TracerIdentity":"server1","TraceID":5239862747748523025,"Tag":"ReceiveTokenTrace","Body":{"Token":"p3NlcnZlcjLPSLe7aDdaXBGCp3NlcnZlcjINp3NlcnZlcjEN"},"VectorClock":{"server1":20,"server2":13}}
{"TracerIdentity":"server1","TraceID":5239862747748523025,"Tag":"PromiseRecvd","Body":{"From":2,"To":1,"PSN":1,"GId":1001},"VectorClock":{"server1":21,"server2":13}}
{"TracerIdentity":"server1","TraceID":5239862747748523025,"Tag":"ReceiveTokenTrace","Body":{"Token":"p3NlcnZlcjPPSLe7aDdaXBGCp3NlcnZlcjMOp3NlcnZlcjEN"},"VectorClock":{"server1":22,"server2":13,"server3":14}}
{"TracerIdentity":"server1","TraceID":5239862747748523025,"Tag":"PromiseRecvd","Body":{"From":3,"To":1,"PSN":1,"GId":1001},"VectorClock":{"server1":23,"server2":13,"server3":14}}
{"TracerIdentity":"server1","TraceID":5239862747748523025,"Tag":"ReceiveTokenTrace","Body":{"Token":"p3NlcnZlcjTPSLe7aDdaXBGCp3NlcnZlcjENp3NlcnZlcjQO"},"VectorClock":{"server1":24,"server2":13,"server3":14,"server4":14}}
{"TracerIdentity":"server1","TraceID":5239862747748523025,"Tag":"PromiseRecvd","Body":{"From":4,"To":1,"PSN":1,"GId":1001},"VectorClock":{"server1":25,"server2":13,"server3":14,"server4":14}}
{"TracerIdentity":"server1","TraceID":5239862747748523025,"Tag":"GenerateTokenTrace","Body":{"Token":"p3NlcnZlcjHPSLe7aDdaXBGEp3NlcnZlcjQOp3NlcnZlcjEap3NlcnZlcjINp3NlcnZlcjMO"},"VectorClock":{"server1":26,"server2":13,"server3":14,"server4":14}}
{"TracerIdentity":"server1","TraceID":5239862747748523025,"Tag":"ReceiveTokenTrace","Body":{"Token":"p3NlcnZlcjHPSLe7aDdaXBGEp3NlcnZlcjQOp3NlcnZlcjEap3NlcnZlcjINp3NlcnZlcjMO"},"VectorClock":{"server1":27,"server2":13,"server3":14,"server4":14}}
{"TracerIdentity":"server1","TraceID":5239862747748523025,"Tag":"ProposeReq","Body":{"From":1,"PSN":1,"GId":1001},"VectorClock":{"server1":28,"server2":13,"server3":14,"server4":14}}
{"TracerIdentity":"server1","TraceID":5239862747748523025,"Tag":"GenerateTokenTrace","Body":{"Token":"p3NlcnZlcjHPSLe7aDdaXBGEp3NlcnZlcjEdp3NlcnZlcjINp3NlcnZlcjMOp3NlcnZlcjQO"},"VectorClock":{"server1":29,"server2":13,"server3":14,"server4":14}}
{"TracerIdentity":"server1","TraceID":5239862747748523025,"Tag":"ReceiveTokenTrace","Body":{"Token":"p3NlcnZlcjHPSLe7aDdaXBGEp3NlcnZlcjEdp3NlcnZlcjINp3NlcnZlcjMOp3NlcnZlcjQO"},"VectorClock":{"server1":30,"server2":13,"server3":14,"server4":14}}
{"TracerIdentity":"server3","TraceID":5239862747748523025,"Tag":"ReceiveTokenTrace","Body":{"Token":"p3NlcnZlcjHPSLe7aDdaXBGEp3NlcnZlcjEdp3NlcnZlcjINp3NlcnZlcjMOp3NlcnZlcjQO"},"VectorClock":{"server1":29,"server2":13,"server3":15,"server4":14}}
{"TracerIdentity":"server1","TraceID":5239862747748523025,"Tag":"ProposeRecvd","Body":{"From":1,"To":1,"PSN":1,"GId":1001},"VectorClock":{"server1":31,"server2":13,"server3":14,"server4":14}}
{"TracerIdentity":"server4","TraceID":5239862747748523025,"Tag":"ReceiveTokenTrace","Body":{"Token":"p3NlcnZlcjHPSLe7aDdaXBGEp3NlcnZlcjEdp3NlcnZlcjINp3NlcnZlcjMOp3NlcnZlcjQO"},"VectorClock":{"server1":29,"server2":13,"server3":14,"server4":15}}
{"TracerIdentity":"server3","TraceID":5239862747748523025,"Tag":"ProposeRecvd","Body":{"From":1,"To":3,"PSN":1,"GId":1001},"VectorClock":{"server1":29,"server2":13,"server3":16,"server4":14}}
{"TracerIdentity":"server1","TraceID":5239862747748523025,"Tag":"ProposalChosen","Body":{"ServerId":1,"PSN":1,"GId":1001},"VectorClock":{"server1":32,"server2":13,"server3":14,"server4":14}}
{"TracerIdentity":"server4","TraceID":5239862747748523025,"Tag":"ProposeRecvd","Body":{"From":1,"To":4,"PSN":1,"GId":1001},"VectorClock":{"server1":29,"server2":13,"server3":14,"server4":16}}
{"TracerIdentity":"server3","TraceID":5239862747748523025,"Tag":"ProposalChosen","Body":{"ServerId":3,"PSN":1,"GId":1001},"VectorClock":{"server1":29,"server2":13,"server3":17,"server4":14}}
{"TracerIdentity":"server1","TraceID":5239862747748523025,"Tag":"GenerateTokenTrace","Body":{"Token":"p3NlcnZlcjHPSLe7aDdaXBGEp3NlcnZlcjEhp3NlcnZlcjINp3NlcnZlcjMOp3NlcnZlcjQO"},"VectorClock":{"server1":33,"server2":13,"server3":14,"server4":14}}
{"TracerIdentity":"server3","TraceID":5239862747748523025,"Tag":"GenerateTokenTrace","Body":{"Token":"p3NlcnZlcjPPSLe7aDdaXBGEp3NlcnZlcjINp3NlcnZlcjMSp3NlcnZlcjEdp3NlcnZlcjQO"},"VectorClock":{"server1":29,"server2":13,"server3":18,"server4":14}}
{"TracerIdentity":"server2","TraceID":5239862747748523025,"Tag":"ReceiveTokenTrace","Body":{"Token":"p3NlcnZlcjHPSLe7aDdaXBGEp3NlcnZlcjEdp3NlcnZlcjINp3NlcnZlcjMOp3NlcnZlcjQO"},"VectorClock":{"server1":29,"server2":15,"server3":14,"server4":14}}
{"TracerIdentity":"server4","TraceID":5239862747748523025,"Tag":"ProposalChosen","Body":{"ServerId":4,"PSN":1,"GId":1001},"VectorClock":{"server1":29,"server2":13,"server3":14,"server4":17}}
{"TracerIdentity":"server1","TraceID":5239862747748523025,"Tag":"ReceiveTokenTrace","Body":{"Token":"p3NlcnZlcjHPSLe7aDdaXBGEp3NlcnZlcjEhp3NlcnZlcjINp3NlcnZlcjMOp3NlcnZlcjQO"},"VectorClock":{"server1":34,"server2":13,"server3":14,"server4":14}}
{"TracerIdentity":"server3","TraceID":5239862747748523025,"Tag":"ReceiveTokenTrace","Body":{"Token":"p3NlcnZlcjPPSLe7aDdaXBGEp3NlcnZlcjINp3NlcnZlcjMSp3NlcnZlcjEdp3NlcnZlcjQO"},"VectorClock":{"server1":29,"server2":13,"server3":19,"server4":14}}
{"TracerIdentity":"server1","TraceID":5239862747748523025,"Tag":"BroadcastReq","Body":{"From":1,"PSN":1,"GId":1001},"VectorClock":{"server1":35,"server2":13,"server3":14,"server4":14}}
{"TracerIdentity":"server4","TraceID":5239862747748523025,"Tag":"GenerateTokenTrace","Body":{"Token":"p3NlcnZlcjTPSLe7aDdaXBGEp3NlcnZlcjQSp3NlcnZlcjEdp3NlcnZlcjINp3NlcnZlcjMO"},"VectorClock":{"server1":29,"server2":13,"server3":14,"server4":18}}
{"TracerIdentity":"server3","TraceID":5239862747748523025,"Tag":"BroadcastReq","Body":{"From":3,"PSN":1,"GId":1001},"VectorClock":{"server1":29,"server2":13,"server3":20,"server4":14}}
{"TracerIdentity":"server1","TraceID":5239862747748523025,"Tag":"GenerateTokenTrace","Body":{"Token":"p3NlcnZlcjHPSLe7aDdaXBGEp3NlcnZlcjQOp3NlcnZlcjEkp3NlcnZlcjINp3NlcnZlcjMO"},"VectorClock":{"server1":36,"server2":13,"server3":14,"server4":14}}
{"TracerIdentity":"server2","TraceID":5239862747748523025,"Tag":"ProposeRecvd","Body":{"From":1,"To":2,"PSN":1,"GId":1001},"VectorClock":{"server1":29,"server2":16,"server3":14,"server4":14}}
{"TracerIdentity":"server4","TraceID":5239862747748523025,"Tag":"ReceiveTokenTrace","Body":{"Token":"p3NlcnZlcjTPSLe7aDdaXBGEp3NlcnZlcjQSp3NlcnZlcjEdp3NlcnZlcjINp3NlcnZlcjMO"},"VectorClock":{"server1":29,"server2":13,"server3":14,"server4":19}}
{"TracerIdentity":"server3","TraceID":5239862747748523025,"Tag":"GenerateTokenTrace","Body":{"Token":"p3NlcnZlcjPPSLe7aDdaXBGEp3NlcnZlcjMVp3NlcnZlcjEdp3NlcnZlcjQOp3NlcnZlcjIN"},"VectorClock":{"server1":29,"server2":13,"server3":21,"server4":14}}
{"TracerIdentity":"server2","TraceID":5239862747748523025,"Tag":"ProposalChosen","Body":{"ServerId":2,"PSN":1,"GId":1001},"VectorClock":{"server1":29,"server2":17,"server3":14,"server4":14}}
{"TracerIdentity":"server4","TraceID":5239862747748523025,"Tag":"BroadcastReq","Body":{"From":4,"PSN":1,"GId":1001},"VectorClock":{"server1":29,"server2":13,"server3":14,"server4":20}}
{"TracerIdentity":"server1","TraceID":5239862747748523025,"Tag":"ReceiveTokenTrace","Body":{"Token":"p3NlcnZlcjHPSLe7aDdaXBGEp3NlcnZlcjQOp3NlcnZlcjEkp3NlcnZlcjINp3NlcnZlcjMO"},"VectorClock":{"server1":37,"server2":13,"server3":14,"server4":14}}
{"TracerIdentity":"server1","TraceID":5239862747748523025,"Tag":"BroadcastRecvd","Body":{"From":1,"To":1,"PSN":1,"GId":1001},"VectorClock":{"server1":38,"server2":13,"server3":14,"server4":14}}
{"TracerIdentity":"server4","TraceID":5239862747748523025,"Tag":"GenerateTokenTrace","Body":{"Token":"p3NlcnZlcjTPSLe7aDdaXBGEp3NlcnZlcjMOp3NlcnZlcjQVp3NlcnZlcjEdp3NlcnZlcjIN"},"VectorClock":{"server1":29,"server2":13,"server3":14,"server4":21}}
{"TracerIdentity":"server2","TraceID":5239862747748523025,"Tag":"GenerateTokenTrace","Body":{"Token":"p3NlcnZlcjLPSLe7aDdaXBGEp3NlcnZlcjISp3NlcnZlcjEdp3NlcnZlcjMOp3NlcnZlcjQO"},"VectorClock":{"server1":29,"server2":18,"server3":14,"server4":14}}
{"TracerIdentity":"server3","TraceID":5239862747748523025,"Tag":"ReceiveTokenTrace","Body":{"Token":"p3NlcnZlcjHPSLe7aDdaXBGEp3NlcnZlcjQOp3NlcnZlcjEkp3NlcnZlcjINp3NlcnZlcjMO"},"VectorClock":{"server1":36,"server2":13,"server3":22,"server4":14}}
{"TracerIdentity":"server1","TraceID":5239862747748523025,"Tag":"GenerateTokenTrace","Body":{"Token":"p3NlcnZlcjHPSLe7aDdaXBGEp3NlcnZlcjINp3NlcnZlcjMOp3NlcnZlcjQOp3NlcnZlcjEn"},"VectorClock":{"server1":39,"server2":13,"server3":14,"server4":14}}
{"TracerIdentity":"server4","TraceID":5239862747748523025,"Tag":"ReceiveTokenTrace","Body":{"Token":"p3NlcnZlcjHPSLe7aDdaXBGEp3NlcnZlcjQOp3NlcnZlcjEkp3NlcnZlcjINp3NlcnZlcjMO"},"VectorClock":{"server1":36,"server2":13,"server3":14,"server4":22}}
{"TracerIdentity":"server3","TraceID":5239862747748523025,"Tag":"BroadcastRecvd","Body":{"From":1,"To":3,"PSN":1,"GId":1001},"VectorClock":{"server1":36,"server2":13,"server3":23,"server4":14}}
{"TracerIdentity":"server1","TraceID":5239862747748523025,"Tag":"ReceiveTokenTrace","Body":{"Token":"p3NlcnZlcjPPSLe7aDdaXBGEp3NlcnZlcjMVp3NlcnZlcjEdp3NlcnZlcjQOp3NlcnZlcjIN"},"VectorClock":{"server1":40,"server2":13,"server3":21,"server4":14}}
{"TracerIdentity":"server4","TraceID":5239862747748523025,"Tag":"BroadcastRecvd","Body":{"From":1,"To":4,"PSN":1,"GId":1001},"VectorClock":{"server1":36,"server2":13,"server3":14,"server4":23}}
{"TracerIdentity":"server3","TraceID":5239862747748523025,"Tag":"GenerateTokenTrace","Body":{"Token":"p3NlcnZlcjPPSLe7aDdaXBGEp3NlcnZlcjINp3NlcnZlcjMYp3NlcnZlcjEkp3NlcnZlcjQO"},"VectorClock":{"server1":36,"server2":13,"server3":24,"server4":14}}
{"TracerIdentity":"server1","TraceID":5239862747748523025,"Tag":"BroadcastRecvd","Body":{"From":3,"To":1,"PSN":1,"GId":1001},"VectorClock":{"server1":41,"server2":13,"server3":21,"server4":14}}
{"TracerIdentity":"server2","TraceID":5239862747748523025,"Tag":"ReceiveTokenTrace","Body":{"Token":"p3NlcnZlcjLPSLe7aDdaXBGEp3NlcnZlcjISp3NlcnZlcjEdp3NlcnZlcjMOp3NlcnZlcjQO"},"VectorClock":{"server1":29,"server2":19,"server3":14,"server4":14}}
{"TracerIdentity":"server1","TraceID":5239862747748523025,"Tag":"GenerateTokenTrace","Body":{"Token":"p3NlcnZlcjHPSLe7aDdaXBGEp3NlcnZlcjINp3NlcnZlcjMVp3NlcnZlcjQOp3NlcnZlcjEq"},"VectorClock":{"server1":42,"server2":13,"server3":21,"server4":14}}
{"TracerIdentity":"server3","TraceID":5239862747748523025,"Tag":"ReceiveTokenTrace","Body":{"Token":"p3NlcnZlcjPPSLe7aDdaXBGEp3NlcnZlcjMVp3NlcnZlcjEdp3NlcnZlcjQOp3NlcnZlcjIN"},"VectorClock":{"server1":36,"server2":13,"server3":25,"server4":14}}
{"TracerIdentity":"server4","TraceID":5239862747748523025,"Tag":"ReceiveTokenTrace","Body":{"Token":"p3NlcnZlcjPPSLe7aDdaXBGEp3NlcnZlcjMVp3NlcnZlcjEdp3NlcnZlcjQOp3NlcnZlcjIN"},"VectorClock":{"server1":36,"server2":13,"server3":21,"server4":24}}
{"TracerIdentity":"server1","TraceID":5239862747748523025,"Tag":"ReceiveTokenTrace","Body":{"Token":"p3NlcnZlcjTPSLe7aDdaXBGEp3NlcnZlcjMOp3NlcnZlcjQVp3NlcnZlcjEdp3NlcnZlcjIN"},"VectorClock":{"server1":43,"server2":13,"server3":21,"server4":21}}
{"TracerIdentity":"server3","TraceID":5239862747748523025,"Tag":"ReceiveTokenTrace","Body":{"Token":"p3NlcnZlcjTPSLe7aDdaXBGEp3NlcnZlcjMOp3NlcnZlcjQVp3NlcnZlcjEdp3NlcnZlcjIN"},"VectorClock":{"server1":36,"server2":13,"server3":26,"server4":21}}
{"TracerIdentity":"server2","TraceID":5239862747748523025,"Tag":"ReceiveTokenTrace","Body":{"Token":"p3NlcnZlcjHPSLe7aDdaXBGEp3NlcnZlcjQOp3NlcnZlcjEkp3NlcnZlcjINp3NlcnZlcjMO"},"VectorClock":{"server1":36,"server2":20,"server3":14,"server4":14}}
{"TracerIdentity":"server1","TraceID":5239862747748523025,"Tag":"BroadcastRecvd","Body":{"From":4,"To":1,"PSN":1,"GId":1001},"VectorClock":{"server1":44,"server2":13,"server3":21,"server4":21}}
{"TracerIdentity":"server3","TraceID":5239862747748523025,"Tag":"BroadcastRecvd","Body":{"From":3,"To":3,"PSN":1,"GId":1001},"VectorClock":{"server1":36,"server2":13,"server3":27,"server4":21}}
{"TracerIdentity":"server4","TraceID":5239862747748523025,"Tag":"ReceiveTokenTrace","Body":{"Token":"p3NlcnZlcjTPSLe7aDdaXBGEp3NlcnZlcjMOp3NlcnZlcjQVp3NlcnZlcjEdp3NlcnZlcjIN"},"VectorClock":{"server1":36,"server2":13,"server3":21,"server4":25}}
{"TracerIdentity":"server1","TraceID":5239862747748523025,"Tag":"GenerateTokenTrace","Body":{"Token":"p3NlcnZlcjHPSLe7aDdaXBGEp3NlcnZlcjMVp3NlcnZlcjQVp3NlcnZlcjEtp3NlcnZlcjIN"},"VectorClock":{"server1":45,"server2":13,"server3":21,"server4":21}}
{"TracerIdentity":"server3","TraceID":5239862747748523025,"Tag":"GenerateTokenTrace","Body":{"Token":"p3NlcnZlcjPPSLe7aDdaXBGEp3NlcnZlcjMcp3NlcnZlcjEkp3NlcnZlcjQVp3NlcnZlcjIN"},"VectorClock":{"server1":36,"server2":13,"server3":28,"server4":21}}
{"TracerIdentity":"server4","TraceID":5239862747748523025,"Tag":"GenerateTokenTrace","Body":{"Token":"p3NlcnZlcjTPSLe7aDdaXBGEp3NlcnZlcjQap3NlcnZlcjEkp3NlcnZlcjINp3NlcnZlcjMV"},"VectorClock":{"server1":36,"server2":13,"server3":21,"server4":26}}
{"TracerIdentity":"server3","TraceID":5239862747748523025,"Tag":"BroadcastRecvd","Body":{"From":4,"To":3,"PSN":1,"GId":1001},"VectorClock":{"server1":36,"server2":13,"server3":29,"server4":21}}
{"TracerIdentity":"server4","TraceID":5239862747748523025,"Tag":"BroadcastRecvd","Body":{"From":3,"To":4,"PSN":1,"GId":1001},"VectorClock":{"server1":36,"server2":13,"server3":21,"server4":27}}
{"TracerIdentity":"server2","TraceID":5239862747748523025,"Tag":"ReceiveTokenTrace","Body":{"Token":"p3NlcnZlcjPPSLe7aDdaXBGEp3NlcnZlcjMVp3NlcnZlcjEdp3NlcnZlcjQOp3NlcnZlcjIN"},"VectorClock":{"server1":36,"server2":21,"server3":21,"server4":14}}
{"TracerIdentity":"server1","TraceID":5239862747748523025,"Tag":"ReceiveTokenTrace","Body":{"Token":"p3NlcnZlcjHPSLe7aDdaXBGEp3NlcnZlcjMVp3NlcnZlcjQVp3NlcnZlcjEtp3NlcnZlcjIN"},"VectorClock":{"server1":46,"server2":13,"server3":21,"server4":21}}
{"TracerIdentity":"server4","TraceID":5239862747748523025,"Tag":"BroadcastRecvd","Body":{"From":4,"To":4,"PSN":1,"GId":1001},"VectorClock":{"server1":36,"server2":13,"server3":21,"server4":28}}
{"TracerIdentity":"server1","TraceID":5239862747748523025,"Tag":"Learn","Body":{"ServerId":1,"Servers":{"1":{"IsAlive":true,"Id":1},"2":{"IsAlive":true,"Id":2},"3":{"IsAlive":true,"Id":3},"4":{"IsAlive":true,"Id":4},"5":{"IsAlive":false,"Id":5}},"GId":1001},"VectorClock":{"server1":47,"server2":13,"server3":21,"server4":21}}
{"TracerIdentity":"server2","TraceID":5239862747748523025,"Tag":"ReceiveTokenTrace","Body":{"Token":"p3NlcnZlcjTPSLe7aDdaXBGEp3NlcnZlcjMOp3NlcnZlcjQVp3NlcnZlcjEdp3NlcnZlcjIN"},"VectorClock":{"server1":36,"server2":22,"server3":21,"server4":21}}
{"TracerIdentity":"server3","TraceID":5239862747748523025,"Tag":"GenerateTokenTrace","Body":{"Token":"p3NlcnZlcjPPSLe7aDdaXBGEp3NlcnZlcjEkp3NlcnZlcjQVp3NlcnZlcjINp3NlcnZlcjMe"},"VectorClock":{"server1":36,"server2":13,"server3":30,"server4":21}}
{"TracerIdentity":"server4","TraceID":5239862747748523025,"Tag":"GenerateTokenTrace","Body":{"Token":"p3NlcnZlcjTPSLe7aDdaXBGEp3NlcnZlcjEkp3NlcnZlcjINp3NlcnZlcjMVp3NlcnZlcjQd"},"VectorClock":{"server1":36,"server2":13,"server3":21,"server4":29}}
{"TracerIdentity":"server3","TraceID":5239862747748523025,"Tag":"ReceiveTokenTrace","Body":{"Token":"p3NlcnZlcjPPSLe7aDdaXBGEp3NlcnZlcjEkp3NlcnZlcjQVp3NlcnZlcjINp3NlcnZlcjMe"},"VectorClock":{"server1":36,"server2":13,"server3":31,"server4":21}}
{"TracerIdentity":"server2","TraceID":5239862747748523025,"Tag":"BroadcastReq","Body":{"From":2,"PSN":1,"GId":1001},"VectorClock":{"server1":36,"server2":23,"server3":21,"server4":21}}
{"TracerIdentity":"server4","TraceID":5239862747748523025,"Tag":"GenerateTokenTrace","Body":{"Token":"p3NlcnZlcjTPSLe7aDdaXBGEp3NlcnZlcjQep3NlcnZlcjEkp3NlcnZlcjINp3NlcnZlcjMV"},"VectorClock":{"server1":36,"server2":13,"server3":21,"server4":30}}
{"TracerIdentity":"server3","TraceID":5239862747748523025,"Tag":"Learn","Body":{"ServerId":3,"Servers":{"1":{"IsAlive":true,"Id":1},"2":{"IsAlive":true,"Id":2},"3":{"IsAlive":true,"Id":3},"4":{"IsAlive":true,"Id":4},"5":{"IsAlive":false,"Id":5}},"GId":1001},"VectorClock":{"server1":36,"server2":13,"server3":32,"server4":21}}
{"TracerIdentity":"server4","TraceID":5239862747748523025,"Tag":"ReceiveTokenTrace","Body":{"Token":"p3NlcnZlcjTPSLe7aDdaXBGEp3NlcnZlcjQep3NlcnZlcjEkp3NlcnZlcjINp3NlcnZlcjMV"},"VectorClock":{"server1":36,"server2":13,"server3":21,"server4":31}}
{"TracerIdentity":"server2","TraceID":5239862747748523025,"Tag":"BroadcastRecvd","Body":{"From":1,"To":2,"PSN":1,"GId":1001},"VectorClock":{"server1":36,"server2":24,"server3":21,"server4":21}}
{"TracerIdentity":"server4","TraceID":5239862747748523025,"Tag":"Learn","Body":{"ServerId":4,"Servers":{"1":{"IsAlive":true,"Id":1},"2":{"IsAlive":true,"Id":2},"3":{"IsAlive":true,"Id":3},"4":{"IsAlive":true,"Id":4},"5":{"IsAlive":false,"Id":5}},"GId":1001},"VectorClock":{"server1":36,"server2":13,"server3":21,"server4":32}}
{"TracerIdentity":"server2","TraceID":5239862747748523025,"Tag":"BroadcastRecvd","Body":{"From":3,"To":2,"PSN":1,"GId":1001},"VectorClock":{"server1":36,"server2":25,"server3":21,"server4":21}}
{"TracerIdentity":"server2","TraceID":5239862747748523025,"Tag":"BroadcastRecvd","Body":{"From":4,"To":2,"PSN":1,"GId":1001},"VectorClock":{"server1":36,"server2":26,"server3":21,"server4":21}}
{"TracerIdentity":"server2","TraceID":5239862747748523025,"Tag":"GenerateTokenTrace","Body":{"Token":"p3NlcnZlcjLPSLe7aDdaXBGEp3NlcnZlcjEkp3NlcnZlcjMVp3NlcnZlcjQVp3NlcnZlcjIb"},"VectorClock":{"server1":36,"server2":27,"server3":21,"server4":21}}
{"TracerIdentity":"server2","TraceID":5239862747748523025,"Tag":"GenerateTokenTrace","Body":{"Token":"p3NlcnZlcjLPSLe7aDdaXBGEp3NlcnZlcjQVp3NlcnZlcjIcp3NlcnZlcjEkp3NlcnZlcjMV"},"VectorClock":{"server1":36,"server2":28,"server3":21,"server4":21}}
{"TracerIdentity":"server1","TraceID":5239862747748523025,"Tag":"ReceiveTokenTrace","Body":{"Token":"p3NlcnZlcjLPSLe7aDdaXBGEp3NlcnZlcjEkp3NlcnZlcjMVp3NlcnZlcjQVp3NlcnZlcjIb"},"VectorClock":{"server1":48,"server2":27,"server3":21,"server4":21}}
{"TracerIdentity":"server2","TraceID":5239862747748523025,"Tag":"GenerateTokenTrace","Body":{"Token":"p3NlcnZlcjLPSLe7aDdaXBGEp3NlcnZlcjIdp3NlcnZlcjEkp3NlcnZlcjMVp3NlcnZlcjQV"},"VectorClock":{"server1":36,"server2":29,"server3":21,"server4":21}}
{"TracerIdentity":"server3","TraceID":5239862747748523025,"Tag":"ReceiveTokenTrace","Body":{"Token":"p3NlcnZlcjLPSLe7aDdaXBGEp3NlcnZlcjEkp3NlcnZlcjMVp3NlcnZlcjQVp3NlcnZlcjIb"},"VectorClock":{"server1":36,"server2":27,"server3":33,"server4":21}}
{"TracerIdentity":"server1","TraceID":5239862747748523025,"Tag":"BroadcastRecvd","Body":{"From":2,"To":1,"PSN":1,"GId":1001},"VectorClock":{"server1":49,"server2":27,"server3":21,"server4":21}}
{"TracerIdentity":"server3","TraceID":5239862747748523025,"Tag":"BroadcastRecvd","Body":{"From":2,"To":3,"PSN":1,"GId":1001},"VectorClock":{"server1":36,"server2":27,"server3":34,"server4":21}}
{"TracerIdentity":"server2","TraceID":5239862747748523025,"Tag":"GenerateTokenTrace","Body":{"Token":"p3NlcnZlcjLPSLe7aDdaXBGEp3NlcnZlcjIep3NlcnZlcjEkp3NlcnZlcjMVp3NlcnZlcjQV"},"VectorClock":{"server1":36,"server2":30,"server3":21,"server4":21}}
{"TracerIdentity":"server4","TraceID":5239862747748523025,"Tag":"ReceiveTokenTrace","Body":{"Token":"p3NlcnZlcjLPSLe7aDdaXBGEp3NlcnZlcjEkp3NlcnZlcjMVp3NlcnZlcjQVp3NlcnZlcjIb"},"VectorClock":{"server1":36,"server2":27,"server3":21,"server4":33}}
{"TracerIdentity":"server1","TraceID":5239862747748523025,"Tag":"GenerateTokenTrace","Body":{"Token":"p3NlcnZlcjHPSLe7aDdaXBGEp3NlcnZlcjEyp3NlcnZlcjIbp3NlcnZlcjMVp3NlcnZlcjQV"},"VectorClock":{"server1":50,"server2":27,"server3":21,"server4":21}}
{"TracerIdentity":"server3","TraceID":5239862747748523025,"Tag":"GenerateTokenTrace","Body":{"Token":"p3NlcnZlcjPPSLe7aDdaXBGEp3NlcnZlcjMjp3NlcnZlcjEkp3NlcnZlcjQVp3NlcnZlcjIb"},"VectorClock":{"server1":36,"server2":27,"server3":35,"server4":21}}
{"TracerIdentity":"server2","TraceID":5239862747748523025,"Tag":"ReceiveTokenTrace","Body":{"Token":"p3NlcnZlcjLPSLe7aDdaXBGEp3NlcnZlcjEkp3NlcnZlcjMVp3NlcnZlcjQVp3NlcnZlcjIb"},"VectorClock":{"server1":36,"server2":31,"server3":21,"server4":21}}
{"TracerIdentity":"server4","TraceID":5239862747748523025,"Tag":"BroadcastRecvd","Body":{"From":2,"To":4,"PSN":1,"GId":1001},"VectorClock":{"server1":36,"server2":27,"server3":21,"server4":34}}
{"TracerIdentity":"server2","TraceID":5239862747748523025,"Tag":"ReceiveTokenTrace","Body":{"Token":"p3NlcnZlcjLPSLe7aDdaXBGEp3NlcnZlcjIep3NlcnZlcjEkp3NlcnZlcjMVp3NlcnZlcjQV"},"VectorClock":{"server1":36,"server2":32,"server3":21,"server4":21}}
{"TracerIdentity":"server4","TraceID":5239862747748523025,"Tag":"GenerateTokenTrace","Body":{"Token":"p3NlcnZlcjTPSLe7aDdaXBGEp3NlcnZlcjEkp3NlcnZlcjIbp3NlcnZlcjMVp3NlcnZlcjQj"},"VectorClock":{"server1":36,"server2":27,"server3":21,"server4":35}}
{"TracerIdentity":"server2","TraceID":5239862747748523025,"Tag":"Learn","Body":{"ServerId":2,"Servers":{"1":{"IsAlive":true,"Id":1},"2":{"IsAlive":true,"Id":2},"3":{"IsAlive":true,"Id":3},"4":{"IsAlive":true,"Id":4},"5":{"IsAlive":false,"Id":5}},"GId":1001},"VectorClock":{"server1":36,"server2":33,"server3":21,"server4":21}}
{"TracerIdentity":"server2","TraceID":5239862747748523025,"Tag":"BroadcastRecvd","Body":{"From":2,"To":2,"PSN":1,"GId":1001},"VectorClock":{"server1":36,"server2":34,"server3":21,"server4":21}}
{"TracerIdentity":"server2","TraceID":5239862747748523025,"Tag":"GenerateTokenTrace","Body":{"Token":"p3NlcnZlcjLPSLe7aDdaXBGEp3NlcnZlcjQVp3NlcnZlcjIjp3NlcnZlcjEkp3NlcnZlcjMV"},"VectorClock":{"server1":36,"server2":35,"server3":21,"server4":21}}
